<?xml version="1.0" encoding="UTF-8"?>
<testng-results total="1" passed="1" failed="0" skipped="0">
  <reporter-output>
  </reporter-output>
  <suite started-at="2022-03-30T05:57:04Z" name="Suite" finished-at="2022-03-30T06:02:08Z" duration-ms="304145">
    <groups>
    </groups>
    <test started-at="2022-03-30T05:57:04Z" name="Test" finished-at="2022-03-30T06:02:08Z" duration-ms="304145">
      <class name="com.orange.testcases.Time">
        <test-method is-config="true" signature="setUpBeforeSuite()[pri:0, instance:com.orange.testcases.Time@3f0846c6]" started-at="2022-03-30T11:27:03Z" name="setUpBeforeSuite" finished-at="2022-03-30T11:27:04Z" duration-ms="466" status="PASS">
          <reporter-output>
          </reporter-output>
        </test-method> <!-- setUpBeforeSuite -->
        <test-method is-config="true" signature="setUpBeforeTest(java.lang.String)[pri:0, instance:com.orange.testcases.Time@3f0846c6]" started-at="2022-03-30T11:27:04Z" name="setUpBeforeTest" finished-at="2022-03-30T11:27:18Z" duration-ms="14172" status="PASS">
          <params>
            <param index="0">
              <value>
                <![CDATA[viewMyTimesheetsPage]]>
              </value>
            </param>
          </params>
          <reporter-output>
          </reporter-output>
        </test-method> <!-- setUpBeforeTest -->
        <test-method signature="viewMyTimesheetsPage()[pri:0, instance:com.orange.testcases.Time@3f0846c6]" started-at="2022-03-30T11:27:18Z" name="viewMyTimesheetsPage" finished-at="2022-03-30T11:32:03Z" duration-ms="285732" status="PASS">
          <reporter-output>
          </reporter-output>
        </test-method> <!-- viewMyTimesheetsPage -->
        <test-method is-config="true" signature="tearDownAfterTest()[pri:0, instance:com.orange.testcases.Time@3f0846c6]" started-at="2022-03-30T11:32:03Z" name="tearDownAfterTest" finished-at="2022-03-30T11:32:08Z" duration-ms="4233" status="PASS">
          <reporter-output>
          </reporter-output>
        </test-method> <!-- tearDownAfterTest -->
        <test-method is-config="true" signature="tearDownAfterSuite()[pri:0, instance:com.orange.testcases.Time@3f0846c6]" started-at="2022-03-30T11:32:08Z" name="tearDownAfterSuite" finished-at="2022-03-30T11:32:08Z" duration-ms="16" status="PASS">
          <reporter-output>
          </reporter-output>
        </test-method> <!-- tearDownAfterSuite -->
      </class> <!-- com.orange.testcases.Time -->
    </test> <!-- Test -->
  </suite> <!-- Suite -->
</testng-results>
